# JRE version: 7.0_21-b11
# Java VM: Java HotSpot(TM) Client VM (23.21-b01 mixed mode windows-x86 )
Heap
 def new generation   total 47360K, used 5572K [0x02b40000, 0x05ea0000, 0x08090000)
  eden space 42112K,  12% used [0x02b40000, 0x0306d7d0, 0x05460000)
  from space 5248K,   5% used [0x05980000, 0x059c3be0, 0x05ea0000)
  to   space 5248K,   0% used [0x05460000, 0x05460000, 0x05980000)
 tenured generation   total 149504K, used 122534K [0x08090000, 0x11290000, 0x12b40000)
   the space 149504K,  81% used [0x08090000, 0x0f839990, 0x0f839a00, 0x11290000)
 compacting perm gen  total 12288K, used 6408K [0x12b40000, 0x13740000, 0x16b40000)
   the space 12288K,  52% used [0x12b40000, 0x131823d8, 0x13182400, 0x13740000)
GC Heap History (10 events):
Event: 0.756 GC heap before
{Heap before GC invocations=3 (full 0):
 def new generation   total 4928K, used 4211K [0x02b40000, 0x03090000, 0x08090000)
  eden space 4416K,  94% used [0x02b40000, 0x02f52d48, 0x02f90000)
  from space 512K,   7% used [0x03010000, 0x0301a1e0, 0x03090000)
  to   space 512K,   0% used [0x02f90000, 0x02f90000, 0x03010000)
 tenured generation   total 10944K, used 6569K [0x08090000, 0x08b40000, 0x12b40000)
   the space 10944K,  60% used [0x08090000, 0x086fa580, 0x086fa600, 0x08b40000)
 compacting perm gen  total 12288K, used 3403K [0x12b40000, 0x13740000, 0x16b40000)
   the space 12288K,  27% used [0x12b40000, 0x12e92c40, 0x12e92e00, 0x13740000)
No shared spaces configured.
Event: 0.758 GC heap after
Heap after GC invocations=4 (full 0):
 def new generation   total 4928K, used 42K [0x02b40000, 0x03090000, 0x08090000)
  eden space 4416K,   0% used [0x02b40000, 0x02b40000, 0x02f90000)
  from space 512K,   8% used [0x02f90000, 0x02f9a830, 0x03010000)
  to   space 512K,   0% used [0x03010000, 0x03010000, 0x03090000)
 tenured generation   total 10944K, used 8594K [0x08090000, 0x08b40000, 0x12b40000)
   the space 10944K,  78% used [0x08090000, 0x088f4990, 0x088f4a00, 0x08b40000)
 compacting perm gen  total 12288K, used 3403K [0x12b40000, 0x13740000, 0x16b40000)
   the space 12288K,  27% used [0x12b40000, 0x12e92c40, 0x12e92e00, 0x13740000)
No shared spaces configured.
}
Event: 0.989 GC heap before
{Heap before GC invocations=4 (full 0):
 def new generation   total 4928K, used 4458K [0x02b40000, 0x03090000, 0x08090000)
  eden space 4416K, 100% used [0x02b40000, 0x02f90000, 0x02f90000)
  from space 512K,   8% used [0x02f90000, 0x02f9a830, 0x03010000)
  to   space 512K,   0% used [0x03010000, 0x03010000, 0x03090000)
 tenured generation   total 10944K, used 8594K [0x08090000, 0x08b40000, 0x12b40000)
   the space 10944K,  78% used [0x08090000, 0x088f4990, 0x088f4a00, 0x08b40000)
 compacting perm gen  total 12288K, used 4657K [0x12b40000, 0x13740000, 0x16b40000)
   the space 12288K,  37% used [0x12b40000, 0x12fcc5e8, 0x12fcc600, 0x13740000)
No shared spaces configured.
Event: 0.996 GC heap after
Heap after GC invocations=5 (full 0):
 def new generation   total 4928K, used 512K [0x02b40000, 0x03090000, 0x08090000)
  eden space 4416K,   0% used [0x02b40000, 0x02b40000, 0x02f90000)
  from space 512K, 100% used [0x03010000, 0x03090000, 0x03090000)
  to   space 512K,   0% used [0x02f90000, 0x02f90000, 0x03010000)
 tenured generation   total 10944K, used 10125K [0x08090000, 0x08b40000, 0x12b40000)
   the space 10944K,  92% used [0x08090000, 0x08a73508, 0x08a73600, 0x08b40000)
 compacting perm gen  total 12288K, used 4657K [0x12b40000, 0x13740000, 0x16b40000)
   the space 12288K,  37% used [0x12b40000, 0x12fcc5e8, 0x12fcc600, 0x13740000)
No shared spaces configured.
}
Event: 1.093 GC heap before
{Heap before GC invocations=5 (full 0):
 def new generation   total 4928K, used 1171K [0x02b40000, 0x03090000, 0x08090000)
  eden space 4416K,  14% used [0x02b40000, 0x02be4f20, 0x02f90000)
  from space 512K, 100% used [0x03010000, 0x03090000, 0x03090000)
  to   space 512K,   0% used [0x02f90000, 0x02f90000, 0x03010000)
 tenured generation   total 10944K, used 10125K [0x08090000, 0x08b40000, 0x12b40000)
   the space 10944K,  92% used [0x08090000, 0x08a73508, 0x08a73600, 0x08b40000)
 compacting perm gen  total 12288K, used 5930K [0x12b40000, 0x13740000, 0x16b40000)
   the space 12288K,  48% used [0x12b40000, 0x1310aac8, 0x1310ac00, 0x13740000)
No shared spaces configured.
Event: 1.116 GC heap after
Heap after GC invocations=6 (full 1):
 def new generation   total 8256K, used 0K [0x02b40000, 0x03430000, 0x08090000)
  eden space 7360K,   0% used [0x02b40000, 0x02b40000, 0x03270000)
  from space 896K,   0% used [0x03270000, 0x03270000, 0x03350000)
  to   space 896K,   0% used [0x03350000, 0x03350000, 0x03430000)
 tenured generation   total 18236K, used 10939K [0x08090000, 0x0925f000, 0x12b40000)
   the space 18236K,  59% used [0x08090000, 0x08b3ef90, 0x08b3f000, 0x0925f000)
 compacting perm gen  total 12288K, used 5930K [0x12b40000, 0x13740000, 0x16b40000)
   the space 12288K,  48% used [0x12b40000, 0x1310aac8, 0x1310ac00, 0x13740000)
No shared spaces configured.
}
Event: 1.474 GC heap before
{Heap before GC invocations=6 (full 1):
 def new generation   total 8256K, used 1559K [0x02b40000, 0x03430000, 0x08090000)
  eden space 7360K,  21% used [0x02b40000, 0x02cc5fc8, 0x03270000)
  from space 896K,   0% used [0x03270000, 0x03270000, 0x03350000)
  to   space 896K,   0% used [0x03350000, 0x03350000, 0x03430000)
 tenured generation   total 69488K, used 62189K [0x08090000, 0x0c46c000, 0x12b40000)
   the space 69488K,  89% used [0x08090000, 0x0bd4b490, 0x0bd4b600, 0x0c46c000)
 compacting perm gen  total 12288K, used 6095K [0x12b40000, 0x13740000, 0x16b40000)
   the space 12288K,  49% used [0x12b40000, 0x13133ea8, 0x13134000, 0x13740000)
No shared spaces configured.
Event: 1.494 GC heap after
Heap after GC invocations=7 (full 2):
 def new generation   total 47360K, used 0K [0x02b40000, 0x05ea0000, 0x08090000)
  eden space 42112K,   0% used [0x02b40000, 0x02b40000, 0x05460000)
  from space 5248K,   0% used [0x05460000, 0x05460000, 0x05980000)
  to   space 5248K,   0% used [0x05980000, 0x05980000, 0x05ea0000)
 tenured generation   total 105168K, used 63100K [0x08090000, 0x0e744000, 0x12b40000)
   the space 105168K,  59% used [0x08090000, 0x0be2f0e8, 0x0be2f200, 0x0e744000)
 compacting perm gen  total 12288K, used 6095K [0x12b40000, 0x13740000, 0x16b40000)
   the space 12288K,  49% used [0x12b40000, 0x13133ea8, 0x13134000, 0x13740000)
No shared spaces configured.
}
Event: 270.944 GC heap before
{Heap before GC invocations=7 (full 2):
 def new generation   total 47360K, used 42112K [0x02b40000, 0x05ea0000, 0x08090000)
  eden space 42112K, 100% used [0x02b40000, 0x05460000, 0x05460000)
  from space 5248K,   0% used [0x05460000, 0x05460000, 0x05980000)
  to   space 5248K,   0% used [0x05980000, 0x05980000, 0x05ea0000)
 tenured generation   total 149504K, used 107434K [0x08090000, 0x11290000, 0x12b40000)
   the space 149504K,  71% used [0x08090000, 0x0e97ab10, 0x0e97ac00, 0x11290000)
 compacting perm gen  total 12288K, used 6395K [0x12b40000, 0x13740000, 0x16b40000)
   the space 12288K,  52% used [0x12b40000, 0x1317eed0, 0x1317f000, 0x13740000)
No shared spaces configured.
Event: 270.962 GC heap after
Heap after GC invocations=8 (full 2):
 def new generation   total 47360K, used 270K [0x02b40000, 0x05ea0000, 0x08090000)
  eden space 42112K,   0% used [0x02b40000, 0x02b40000, 0x05460000)
  from space 5248K,   5% used [0x05980000, 0x059c3be0, 0x05ea0000)
  to   space 5248K,   0% used [0x05460000, 0x05460000, 0x05980000)
 tenured generation   total 149504K, used 122534K [0x08090000, 0x11290000, 0x12b40000)
   the space 149504K,  81% used [0x08090000, 0x0f839990, 0x0f839a00, 0x11290000)
 compacting perm gen  total 12288K, used 6395K [0x12b40000, 0x13740000, 0x16b40000)
   the space 12288K,  52% used [0x12b40000, 0x1317eed0, 0x1317f000, 0x13740000)
No shared spaces configured.
}

